running egg_info
creating ../../build/person_follower/person_follower.egg-info
writing ../../build/person_follower/person_follower.egg-info/PKG-INFO
writing dependency_links to ../../build/person_follower/person_follower.egg-info/dependency_links.txt
writing entry points to ../../build/person_follower/person_follower.egg-info/entry_points.txt
writing requirements to ../../build/person_follower/person_follower.egg-info/requires.txt
writing top-level names to ../../build/person_follower/person_follower.egg-info/top_level.txt
writing manifest file '../../build/person_follower/person_follower.egg-info/SOURCES.txt'
reading manifest file '../../build/person_follower/person_follower.egg-info/SOURCES.txt'
adding license file 'LICENSE'
writing manifest file '../../build/person_follower/person_follower.egg-info/SOURCES.txt'
running build
running build_py
creating /home/orinnano/turtlebot3-person-follower/ros2_ws/build/person_follower/build
creating /home/orinnano/turtlebot3-person-follower/ros2_ws/build/person_follower/build/lib
creating /home/orinnano/turtlebot3-person-follower/ros2_ws/build/person_follower/build/lib/person_follower
copying person_follower/import_image.py -> /home/orinnano/turtlebot3-person-follower/ros2_ws/build/person_follower/build/lib/person_follower
copying person_follower/__init__.py -> /home/orinnano/turtlebot3-person-follower/ros2_ws/build/person_follower/build/lib/person_follower
running install
running install_lib
creating /home/orinnano/turtlebot3-person-follower/ros2_ws/install/person_follower/lib/python3.10/site-packages/person_follower
copying /home/orinnano/turtlebot3-person-follower/ros2_ws/build/person_follower/build/lib/person_follower/import_image.py -> /home/orinnano/turtlebot3-person-follower/ros2_ws/install/person_follower/lib/python3.10/site-packages/person_follower
copying /home/orinnano/turtlebot3-person-follower/ros2_ws/build/person_follower/build/lib/person_follower/__init__.py -> /home/orinnano/turtlebot3-person-follower/ros2_ws/install/person_follower/lib/python3.10/site-packages/person_follower
byte-compiling /home/orinnano/turtlebot3-person-follower/ros2_ws/install/person_follower/lib/python3.10/site-packages/person_follower/import_image.py to import_image.cpython-310.pyc
byte-compiling /home/orinnano/turtlebot3-person-follower/ros2_ws/install/person_follower/lib/python3.10/site-packages/person_follower/__init__.py to __init__.cpython-310.pyc
running install_data
creating /home/orinnano/turtlebot3-person-follower/ros2_ws/install/person_follower/share/ament_index
creating /home/orinnano/turtlebot3-person-follower/ros2_ws/install/person_follower/share/ament_index/resource_index
creating /home/orinnano/turtlebot3-person-follower/ros2_ws/install/person_follower/share/ament_index/resource_index/packages
copying resource/person_follower -> /home/orinnano/turtlebot3-person-follower/ros2_ws/install/person_follower/share/ament_index/resource_index/packages
copying package.xml -> /home/orinnano/turtlebot3-person-follower/ros2_ws/install/person_follower/share/person_follower
running install_egg_info
Copying ../../build/person_follower/person_follower.egg-info to /home/orinnano/turtlebot3-person-follower/ros2_ws/install/person_follower/lib/python3.10/site-packages/person_follower-0.0.0-py3.10.egg-info
running install_scripts
Installing import_image script to /home/orinnano/turtlebot3-person-follower/ros2_ws/install/person_follower/lib/person_follower
writing list of installed files to '/home/orinnano/turtlebot3-person-follower/ros2_ws/build/person_follower/install.log'
