[1.509s] Invoking command in '/home/orinnano/turtlebot3-person-follower/ros2_ws/src/person_follower': PYTHONPATH=/home/orinnano/turtlebot3-person-follower/ros2_ws/build/person_follower/prefix_override:/usr/lib/python3/dist-packages/colcon_core/task/python/colcon_distutils_commands:/home/orinnano/turtlebot3-person-follower/ros2_ws/install/person_follower/lib/python3.10/site-packages:${PYTHONPATH} /usr/bin/python3 -W ignore:setup.py install is deprecated setup.py egg_info --egg-base ../../build/person_follower build --build-base /home/orinnano/turtlebot3-person-follower/ros2_ws/build/person_follower/build install --record /home/orinnano/turtlebot3-person-follower/ros2_ws/build/person_follower/install.log --single-version-externally-managed install_data
[2.056s] running egg_info
[2.057s] creating ../../build/person_follower/person_follower.egg-info
[2.057s] writing ../../build/person_follower/person_follower.egg-info/PKG-INFO
[2.058s] writing dependency_links to ../../build/person_follower/person_follower.egg-info/dependency_links.txt
[2.058s] writing entry points to ../../build/person_follower/person_follower.egg-info/entry_points.txt
[2.058s] writing requirements to ../../build/person_follower/person_follower.egg-info/requires.txt
[2.059s] writing top-level names to ../../build/person_follower/person_follower.egg-info/top_level.txt
[2.059s] writing manifest file '../../build/person_follower/person_follower.egg-info/SOURCES.txt'
[2.062s] reading manifest file '../../build/person_follower/person_follower.egg-info/SOURCES.txt'
[2.063s] adding license file 'LICENSE'
[2.064s] writing manifest file '../../build/person_follower/person_follower.egg-info/SOURCES.txt'
[2.064s] running build
[2.064s] running build_py
[2.064s] creating /home/orinnano/turtlebot3-person-follower/ros2_ws/build/person_follower/build
[2.065s] creating /home/orinnano/turtlebot3-person-follower/ros2_ws/build/person_follower/build/lib
[2.065s] creating /home/orinnano/turtlebot3-person-follower/ros2_ws/build/person_follower/build/lib/person_follower
[2.065s] copying person_follower/import_image.py -> /home/orinnano/turtlebot3-person-follower/ros2_ws/build/person_follower/build/lib/person_follower
[2.065s] copying person_follower/__init__.py -> /home/orinnano/turtlebot3-person-follower/ros2_ws/build/person_follower/build/lib/person_follower
[2.066s] running install
[2.067s] running install_lib
[2.068s] creating /home/orinnano/turtlebot3-person-follower/ros2_ws/install/person_follower/lib/python3.10/site-packages/person_follower
[2.068s] copying /home/orinnano/turtlebot3-person-follower/ros2_ws/build/person_follower/build/lib/person_follower/import_image.py -> /home/orinnano/turtlebot3-person-follower/ros2_ws/install/person_follower/lib/python3.10/site-packages/person_follower
[2.069s] copying /home/orinnano/turtlebot3-person-follower/ros2_ws/build/person_follower/build/lib/person_follower/__init__.py -> /home/orinnano/turtlebot3-person-follower/ros2_ws/install/person_follower/lib/python3.10/site-packages/person_follower
[2.070s] byte-compiling /home/orinnano/turtlebot3-person-follower/ros2_ws/install/person_follower/lib/python3.10/site-packages/person_follower/import_image.py to import_image.cpython-310.pyc
[2.071s] byte-compiling /home/orinnano/turtlebot3-person-follower/ros2_ws/install/person_follower/lib/python3.10/site-packages/person_follower/__init__.py to __init__.cpython-310.pyc
[2.072s] running install_data
[2.072s] creating /home/orinnano/turtlebot3-person-follower/ros2_ws/install/person_follower/share/ament_index
[2.072s] creating /home/orinnano/turtlebot3-person-follower/ros2_ws/install/person_follower/share/ament_index/resource_index
[2.072s] creating /home/orinnano/turtlebot3-person-follower/ros2_ws/install/person_follower/share/ament_index/resource_index/packages
[2.073s] copying resource/person_follower -> /home/orinnano/turtlebot3-person-follower/ros2_ws/install/person_follower/share/ament_index/resource_index/packages
[2.073s] copying package.xml -> /home/orinnano/turtlebot3-person-follower/ros2_ws/install/person_follower/share/person_follower
[2.073s] running install_egg_info
[2.079s] Copying ../../build/person_follower/person_follower.egg-info to /home/orinnano/turtlebot3-person-follower/ros2_ws/install/person_follower/lib/python3.10/site-packages/person_follower-0.0.0-py3.10.egg-info
[2.081s] running install_scripts
[2.125s] Installing import_image script to /home/orinnano/turtlebot3-person-follower/ros2_ws/install/person_follower/lib/person_follower
[2.126s] writing list of installed files to '/home/orinnano/turtlebot3-person-follower/ros2_ws/build/person_follower/install.log'
[2.190s] Invoked command in '/home/orinnano/turtlebot3-person-follower/ros2_ws/src/person_follower' returned '0': PYTHONPATH=/home/orinnano/turtlebot3-person-follower/ros2_ws/build/person_follower/prefix_override:/usr/lib/python3/dist-packages/colcon_core/task/python/colcon_distutils_commands:/home/orinnano/turtlebot3-person-follower/ros2_ws/install/person_follower/lib/python3.10/site-packages:${PYTHONPATH} /usr/bin/python3 -W ignore:setup.py install is deprecated setup.py egg_info --egg-base ../../build/person_follower build --build-base /home/orinnano/turtlebot3-person-follower/ros2_ws/build/person_follower/build install --record /home/orinnano/turtlebot3-person-follower/ros2_ws/build/person_follower/install.log --single-version-externally-managed install_data
