[1.295s] Invoking command in '/home/orinnano/turtlebot3-person-follower/ros2_ws/src/person_follower': PYTHONPATH=/home/orinnano/turtlebot3-person-follower/ros2_ws/build/person_follower/prefix_override:/usr/lib/python3/dist-packages/colcon_core/task/python/colcon_distutils_commands:/home/orinnano/turtlebot3-person-follower/ros2_ws/install/person_follower/lib/python3.10/site-packages:${PYTHONPATH} /usr/bin/python3 -W ignore:setup.py install is deprecated setup.py egg_info --egg-base ../../build/person_follower build --build-base /home/orinnano/turtlebot3-person-follower/ros2_ws/build/person_follower/build install --record /home/orinnano/turtlebot3-person-follower/ros2_ws/build/person_follower/install.log --single-version-externally-managed install_data
[1.775s] running egg_info
[1.776s] writing ../../build/person_follower/person_follower.egg-info/PKG-INFO
[1.777s] writing dependency_links to ../../build/person_follower/person_follower.egg-info/dependency_links.txt
[1.777s] writing entry points to ../../build/person_follower/person_follower.egg-info/entry_points.txt
[1.777s] writing requirements to ../../build/person_follower/person_follower.egg-info/requires.txt
[1.778s] writing top-level names to ../../build/person_follower/person_follower.egg-info/top_level.txt
[1.781s] reading manifest file '../../build/person_follower/person_follower.egg-info/SOURCES.txt'
[1.782s] adding license file 'LICENSE'
[1.783s] writing manifest file '../../build/person_follower/person_follower.egg-info/SOURCES.txt'
[1.783s] running build
[1.784s] running build_py
[1.784s] copying src/import_image.py -> /home/orinnano/turtlebot3-person-follower/ros2_ws/build/person_follower/build/lib/src
[1.784s] copying src/__init__.py -> /home/orinnano/turtlebot3-person-follower/ros2_ws/build/person_follower/build/lib/src
[1.785s] copying src/person_follower.py -> /home/orinnano/turtlebot3-person-follower/ros2_ws/build/person_follower/build/lib/src
[1.785s] running install
[1.785s] running install_lib
[1.787s] copying /home/orinnano/turtlebot3-person-follower/ros2_ws/build/person_follower/build/lib/src/import_image.py -> /home/orinnano/turtlebot3-person-follower/ros2_ws/install/person_follower/lib/python3.10/site-packages/src
[1.787s] copying /home/orinnano/turtlebot3-person-follower/ros2_ws/build/person_follower/build/lib/src/__init__.py -> /home/orinnano/turtlebot3-person-follower/ros2_ws/install/person_follower/lib/python3.10/site-packages/src
[1.788s] copying /home/orinnano/turtlebot3-person-follower/ros2_ws/build/person_follower/build/lib/src/person_follower.py -> /home/orinnano/turtlebot3-person-follower/ros2_ws/install/person_follower/lib/python3.10/site-packages/src
[1.789s] byte-compiling /home/orinnano/turtlebot3-person-follower/ros2_ws/install/person_follower/lib/python3.10/site-packages/src/import_image.py to import_image.cpython-310.pyc
[1.790s] byte-compiling /home/orinnano/turtlebot3-person-follower/ros2_ws/install/person_follower/lib/python3.10/site-packages/src/__init__.py to __init__.cpython-310.pyc
[1.791s] byte-compiling /home/orinnano/turtlebot3-person-follower/ros2_ws/install/person_follower/lib/python3.10/site-packages/src/person_follower.py to person_follower.cpython-310.pyc
[1.792s] running install_data
[1.793s] copying resource/person_follower -> /home/orinnano/turtlebot3-person-follower/ros2_ws/install/person_follower/share/ament_index/resource_index/packages
[1.793s] copying package.xml -> /home/orinnano/turtlebot3-person-follower/ros2_ws/install/person_follower/share/person_follower
[1.793s] running install_egg_info
[1.796s] removing '/home/orinnano/turtlebot3-person-follower/ros2_ws/install/person_follower/lib/python3.10/site-packages/person_follower-0.0.0-py3.10.egg-info' (and everything under it)
[1.797s] Copying ../../build/person_follower/person_follower.egg-info to /home/orinnano/turtlebot3-person-follower/ros2_ws/install/person_follower/lib/python3.10/site-packages/person_follower-0.0.0-py3.10.egg-info
[1.799s] running install_scripts
[1.841s] Installing import_image script to /home/orinnano/turtlebot3-person-follower/ros2_ws/install/person_follower/lib/person_follower
[1.841s] Installing person_follower script to /home/orinnano/turtlebot3-person-follower/ros2_ws/install/person_follower/lib/person_follower
[1.842s] writing list of installed files to '/home/orinnano/turtlebot3-person-follower/ros2_ws/build/person_follower/install.log'
[1.905s] Invoked command in '/home/orinnano/turtlebot3-person-follower/ros2_ws/src/person_follower' returned '0': PYTHONPATH=/home/orinnano/turtlebot3-person-follower/ros2_ws/build/person_follower/prefix_override:/usr/lib/python3/dist-packages/colcon_core/task/python/colcon_distutils_commands:/home/orinnano/turtlebot3-person-follower/ros2_ws/install/person_follower/lib/python3.10/site-packages:${PYTHONPATH} /usr/bin/python3 -W ignore:setup.py install is deprecated setup.py egg_info --egg-base ../../build/person_follower build --build-base /home/orinnano/turtlebot3-person-follower/ros2_ws/build/person_follower/build install --record /home/orinnano/turtlebot3-person-follower/ros2_ws/build/person_follower/install.log --single-version-externally-managed install_data
