[0.221s] DEBUG:colcon:Command line arguments: ['/usr/bin/colcon', 'build']
[0.221s] DEBUG:colcon:Parsed command line arguments: Namespace(log_base=None, log_level=None, verb_name='build', build_base='build', install_base='install', merge_install=False, symlink_install=False, test_result_base=None, continue_on_error=False, executor='parallel', parallel_workers=6, event_handlers=None, ignore_user_meta=False, metas=['./colcon.meta'], base_paths=['.'], packages_ignore=None, packages_ignore_regex=None, paths=None, packages_up_to=None, packages_up_to_regex=None, packages_above=None, packages_above_and_dependencies=None, packages_above_depth=None, packages_select_by_dep=None, packages_skip_by_dep=None, packages_skip_up_to=None, packages_select_build_failed=False, packages_skip_build_finished=False, packages_select_test_failures=False, packages_skip_test_passed=False, packages_select=None, packages_skip=None, packages_select_regex=None, packages_skip_regex=None, packages_start=None, packages_end=None, allow_overriding=[], cmake_args=None, cmake_target=None, cmake_target_skip_unavailable=False, cmake_clean_cache=False, cmake_clean_first=False, cmake_force_configure=False, ament_cmake_args=None, catkin_cmake_args=None, catkin_skip_building_tests=False, verb_parser=<colcon_defaults.argument_parser.defaults.DefaultArgumentsDecorator object at 0xffffba929510>, verb_extension=<colcon_core.verb.build.BuildVerb object at 0xffffbab01630>, main=<bound method BuildVerb.main of <colcon_core.verb.build.BuildVerb object at 0xffffbab01630>>)
[0.579s] Level 1:colcon.colcon_core.package_discovery:discover_packages(colcon_meta) check parameters
[0.579s] Level 1:colcon.colcon_core.package_discovery:discover_packages(recursive) check parameters
[0.580s] Level 1:colcon.colcon_core.package_discovery:discover_packages(ignore) check parameters
[0.580s] Level 1:colcon.colcon_core.package_discovery:discover_packages(path) check parameters
[0.580s] Level 1:colcon.colcon_core.package_discovery:discover_packages(colcon_meta) discover
[0.580s] Level 1:colcon.colcon_core.package_discovery:discover_packages(recursive) discover
[0.580s] INFO:colcon.colcon_core.package_discovery:Crawling recursively for packages in '/home/orinnano/turtlebot3-person-follower/ros2_ws'
[0.580s] Level 1:colcon.colcon_core.package_identification:_identify(.) by extensions ['ignore', 'ignore_ament_install']
[0.580s] Level 1:colcon.colcon_core.package_identification:_identify(.) by extension 'ignore'
[0.580s] Level 1:colcon.colcon_core.package_identification:_identify(.) by extension 'ignore_ament_install'
[0.581s] Level 1:colcon.colcon_core.package_identification:_identify(.) by extensions ['colcon_pkg']
[0.581s] Level 1:colcon.colcon_core.package_identification:_identify(.) by extension 'colcon_pkg'
[0.581s] Level 1:colcon.colcon_core.package_identification:_identify(.) by extensions ['colcon_meta']
[0.581s] Level 1:colcon.colcon_core.package_identification:_identify(.) by extension 'colcon_meta'
[0.581s] Level 1:colcon.colcon_core.package_identification:_identify(.) by extensions ['ros']
[0.581s] Level 1:colcon.colcon_core.package_identification:_identify(.) by extension 'ros'
[0.605s] Level 1:colcon.colcon_core.package_identification:_identify(.) by extensions ['cmake', 'python']
[0.605s] Level 1:colcon.colcon_core.package_identification:_identify(.) by extension 'cmake'
[0.605s] Level 1:colcon.colcon_core.package_identification:_identify(.) by extension 'python'
[0.605s] Level 1:colcon.colcon_core.package_identification:_identify(.) by extensions ['python_setup_py']
[0.605s] Level 1:colcon.colcon_core.package_identification:_identify(.) by extension 'python_setup_py'
[0.605s] Level 1:colcon.colcon_core.package_identification:_identify(build) by extensions ['ignore', 'ignore_ament_install']
[0.606s] Level 1:colcon.colcon_core.package_identification:_identify(build) by extension 'ignore'
[0.606s] Level 1:colcon.colcon_core.package_identification:_identify(build) ignored
[0.606s] Level 1:colcon.colcon_core.package_identification:_identify(install) by extensions ['ignore', 'ignore_ament_install']
[0.606s] Level 1:colcon.colcon_core.package_identification:_identify(install) by extension 'ignore'
[0.606s] Level 1:colcon.colcon_core.package_identification:_identify(install) ignored
[0.607s] Level 1:colcon.colcon_core.package_identification:_identify(log) by extensions ['ignore', 'ignore_ament_install']
[0.607s] Level 1:colcon.colcon_core.package_identification:_identify(log) by extension 'ignore'
[0.607s] Level 1:colcon.colcon_core.package_identification:_identify(log) ignored
[0.607s] Level 1:colcon.colcon_core.package_identification:_identify(saved_images) by extensions ['ignore', 'ignore_ament_install']
[0.607s] Level 1:colcon.colcon_core.package_identification:_identify(saved_images) by extension 'ignore'
[0.607s] Level 1:colcon.colcon_core.package_identification:_identify(saved_images) by extension 'ignore_ament_install'
[0.607s] Level 1:colcon.colcon_core.package_identification:_identify(saved_images) by extensions ['colcon_pkg']
[0.608s] Level 1:colcon.colcon_core.package_identification:_identify(saved_images) by extension 'colcon_pkg'
[0.608s] Level 1:colcon.colcon_core.package_identification:_identify(saved_images) by extensions ['colcon_meta']
[0.608s] Level 1:colcon.colcon_core.package_identification:_identify(saved_images) by extension 'colcon_meta'
[0.608s] Level 1:colcon.colcon_core.package_identification:_identify(saved_images) by extensions ['ros']
[0.608s] Level 1:colcon.colcon_core.package_identification:_identify(saved_images) by extension 'ros'
[0.608s] Level 1:colcon.colcon_core.package_identification:_identify(saved_images) by extensions ['cmake', 'python']
[0.608s] Level 1:colcon.colcon_core.package_identification:_identify(saved_images) by extension 'cmake'
[0.608s] Level 1:colcon.colcon_core.package_identification:_identify(saved_images) by extension 'python'
[0.608s] Level 1:colcon.colcon_core.package_identification:_identify(saved_images) by extensions ['python_setup_py']
[0.608s] Level 1:colcon.colcon_core.package_identification:_identify(saved_images) by extension 'python_setup_py'
[0.609s] Level 1:colcon.colcon_core.package_identification:_identify(src) by extensions ['ignore', 'ignore_ament_install']
[0.609s] Level 1:colcon.colcon_core.package_identification:_identify(src) by extension 'ignore'
[0.609s] Level 1:colcon.colcon_core.package_identification:_identify(src) by extension 'ignore_ament_install'
[0.609s] Level 1:colcon.colcon_core.package_identification:_identify(src) by extensions ['colcon_pkg']
[0.609s] Level 1:colcon.colcon_core.package_identification:_identify(src) by extension 'colcon_pkg'
[0.609s] Level 1:colcon.colcon_core.package_identification:_identify(src) by extensions ['colcon_meta']
[0.609s] Level 1:colcon.colcon_core.package_identification:_identify(src) by extension 'colcon_meta'
[0.609s] Level 1:colcon.colcon_core.package_identification:_identify(src) by extensions ['ros']
[0.609s] Level 1:colcon.colcon_core.package_identification:_identify(src) by extension 'ros'
[0.610s] Level 1:colcon.colcon_core.package_identification:_identify(src) by extensions ['cmake', 'python']
[0.610s] Level 1:colcon.colcon_core.package_identification:_identify(src) by extension 'cmake'
[0.610s] Level 1:colcon.colcon_core.package_identification:_identify(src) by extension 'python'
[0.610s] Level 1:colcon.colcon_core.package_identification:_identify(src) by extensions ['python_setup_py']
[0.610s] Level 1:colcon.colcon_core.package_identification:_identify(src) by extension 'python_setup_py'
[0.610s] Level 1:colcon.colcon_core.package_identification:_identify(src/person_follower) by extensions ['ignore', 'ignore_ament_install']
[0.610s] Level 1:colcon.colcon_core.package_identification:_identify(src/person_follower) by extension 'ignore'
[0.610s] Level 1:colcon.colcon_core.package_identification:_identify(src/person_follower) by extension 'ignore_ament_install'
[0.610s] Level 1:colcon.colcon_core.package_identification:_identify(src/person_follower) by extensions ['colcon_pkg']
[0.611s] Level 1:colcon.colcon_core.package_identification:_identify(src/person_follower) by extension 'colcon_pkg'
[0.611s] Level 1:colcon.colcon_core.package_identification:_identify(src/person_follower) by extensions ['colcon_meta']
[0.611s] Level 1:colcon.colcon_core.package_identification:_identify(src/person_follower) by extension 'colcon_meta'
[0.611s] Level 1:colcon.colcon_core.package_identification:_identify(src/person_follower) by extensions ['ros']
[0.611s] Level 1:colcon.colcon_core.package_identification:_identify(src/person_follower) by extension 'ros'
[0.615s] DEBUG:colcon.colcon_core.package_identification:Package 'src/person_follower' with type 'ros.ament_python' and name 'person_follower'
[0.616s] Level 1:colcon.colcon_core.package_discovery:discover_packages(recursive) using defaults
[0.616s] Level 1:colcon.colcon_core.package_discovery:discover_packages(ignore) discover
[0.616s] Level 1:colcon.colcon_core.package_discovery:discover_packages(ignore) using defaults
[0.616s] Level 1:colcon.colcon_core.package_discovery:discover_packages(path) discover
[0.616s] Level 1:colcon.colcon_core.package_discovery:discover_packages(path) using defaults
[0.655s] Level 1:colcon.colcon_core.package_discovery:discover_packages(prefix_path) check parameters
[0.655s] Level 1:colcon.colcon_core.package_discovery:discover_packages(prefix_path) discover
[0.658s] DEBUG:colcon.colcon_installed_package_information.package_discovery:Found 1 installed packages in /home/orinnano/turtlebot3-person-follower/ros2_ws/install
[0.661s] DEBUG:colcon.colcon_installed_package_information.package_discovery:Found 358 installed packages in /opt/ros/humble
[0.666s] Level 1:colcon.colcon_core.package_discovery:discover_packages(prefix_path) using defaults
[0.790s] Level 5:colcon.colcon_core.verb:set package 'person_follower' build argument 'cmake_args' from command line to 'None'
[0.790s] Level 5:colcon.colcon_core.verb:set package 'person_follower' build argument 'cmake_target' from command line to 'None'
[0.790s] Level 5:colcon.colcon_core.verb:set package 'person_follower' build argument 'cmake_target_skip_unavailable' from command line to 'False'
[0.790s] Level 5:colcon.colcon_core.verb:set package 'person_follower' build argument 'cmake_clean_cache' from command line to 'False'
[0.790s] Level 5:colcon.colcon_core.verb:set package 'person_follower' build argument 'cmake_clean_first' from command line to 'False'
[0.790s] Level 5:colcon.colcon_core.verb:set package 'person_follower' build argument 'cmake_force_configure' from command line to 'False'
[0.790s] Level 5:colcon.colcon_core.verb:set package 'person_follower' build argument 'ament_cmake_args' from command line to 'None'
[0.791s] Level 5:colcon.colcon_core.verb:set package 'person_follower' build argument 'catkin_cmake_args' from command line to 'None'
[0.791s] Level 5:colcon.colcon_core.verb:set package 'person_follower' build argument 'catkin_skip_building_tests' from command line to 'False'
[0.791s] DEBUG:colcon.colcon_core.verb:Building package 'person_follower' with the following arguments: {'ament_cmake_args': None, 'build_base': '/home/orinnano/turtlebot3-person-follower/ros2_ws/build/person_follower', 'catkin_cmake_args': None, 'catkin_skip_building_tests': False, 'cmake_args': None, 'cmake_clean_cache': False, 'cmake_clean_first': False, 'cmake_force_configure': False, 'cmake_target': None, 'cmake_target_skip_unavailable': False, 'install_base': '/home/orinnano/turtlebot3-person-follower/ros2_ws/install/person_follower', 'merge_install': False, 'path': '/home/orinnano/turtlebot3-person-follower/ros2_ws/src/person_follower', 'symlink_install': False, 'test_result_base': None}
[0.791s] INFO:colcon.colcon_core.executor:Executing jobs using 'parallel' executor
[0.793s] DEBUG:colcon.colcon_parallel_executor.executor.parallel:run_until_complete
[0.794s] INFO:colcon.colcon_ros.task.ament_python.build:Building ROS package in '/home/orinnano/turtlebot3-person-follower/ros2_ws/src/person_follower' with build type 'ament_python'
[0.794s] Level 1:colcon.colcon_core.shell:create_environment_hook('person_follower', 'ament_prefix_path')
[0.798s] INFO:colcon.colcon_core.plugin_system:Skipping extension 'colcon_core.shell.bat': Not used on non-Windows systems
[0.799s] INFO:colcon.colcon_core.shell:Creating environment hook '/home/orinnano/turtlebot3-person-follower/ros2_ws/install/person_follower/share/person_follower/hook/ament_prefix_path.ps1'
[0.800s] INFO:colcon.colcon_core.shell:Creating environment descriptor '/home/orinnano/turtlebot3-person-follower/ros2_ws/install/person_follower/share/person_follower/hook/ament_prefix_path.dsv'
[0.801s] INFO:colcon.colcon_core.shell:Creating environment hook '/home/orinnano/turtlebot3-person-follower/ros2_ws/install/person_follower/share/person_follower/hook/ament_prefix_path.sh'
[0.803s] INFO:colcon.colcon_core.shell:Skip shell extension 'powershell' for command environment: Not usable outside of PowerShell
[0.803s] DEBUG:colcon.colcon_core.shell:Skip shell extension 'dsv' for command environment
[1.364s] INFO:colcon.colcon_core.task.python.build:Building Python package in '/home/orinnano/turtlebot3-person-follower/ros2_ws/src/person_follower'
[1.366s] INFO:colcon.colcon_core.shell:Skip shell extension 'powershell' for command environment: Not usable outside of PowerShell
[1.366s] DEBUG:colcon.colcon_core.shell:Skip shell extension 'dsv' for command environment
[2.193s] DEBUG:colcon.colcon_core.event_handler.log_command:Invoking command in '/home/orinnano/turtlebot3-person-follower/ros2_ws/src/person_follower': PYTHONPATH=/home/orinnano/turtlebot3-person-follower/ros2_ws/build/person_follower/prefix_override:/usr/lib/python3/dist-packages/colcon_core/task/python/colcon_distutils_commands:/home/orinnano/turtlebot3-person-follower/ros2_ws/install/person_follower/lib/python3.10/site-packages:${PYTHONPATH} /usr/bin/python3 -W ignore:setup.py install is deprecated setup.py egg_info --egg-base ../../build/person_follower build --build-base /home/orinnano/turtlebot3-person-follower/ros2_ws/build/person_follower/build install --record /home/orinnano/turtlebot3-person-follower/ros2_ws/build/person_follower/install.log --single-version-externally-managed install_data
[2.839s] DEBUG:colcon.colcon_core.event_handler.log_command:Invoked command in '/home/orinnano/turtlebot3-person-follower/ros2_ws/src/person_follower' returned '0': PYTHONPATH=/home/orinnano/turtlebot3-person-follower/ros2_ws/build/person_follower/prefix_override:/usr/lib/python3/dist-packages/colcon_core/task/python/colcon_distutils_commands:/home/orinnano/turtlebot3-person-follower/ros2_ws/install/person_follower/lib/python3.10/site-packages:${PYTHONPATH} /usr/bin/python3 -W ignore:setup.py install is deprecated setup.py egg_info --egg-base ../../build/person_follower build --build-base /home/orinnano/turtlebot3-person-follower/ros2_ws/build/person_follower/build install --record /home/orinnano/turtlebot3-person-follower/ros2_ws/build/person_follower/install.log --single-version-externally-managed install_data
[2.845s] Level 1:colcon.colcon_core.environment:checking '/home/orinnano/turtlebot3-person-follower/ros2_ws/install/person_follower' for CMake module files
[2.846s] Level 1:colcon.colcon_core.environment:checking '/home/orinnano/turtlebot3-person-follower/ros2_ws/install/person_follower' for CMake config files
[2.848s] Level 1:colcon.colcon_core.environment:checking '/home/orinnano/turtlebot3-person-follower/ros2_ws/install/person_follower/lib'
[2.849s] Level 1:colcon.colcon_core.environment:checking '/home/orinnano/turtlebot3-person-follower/ros2_ws/install/person_follower/bin'
[2.849s] Level 1:colcon.colcon_core.environment:checking '/home/orinnano/turtlebot3-person-follower/ros2_ws/install/person_follower/lib/pkgconfig/person_follower.pc'
[2.849s] Level 1:colcon.colcon_core.environment:checking '/home/orinnano/turtlebot3-person-follower/ros2_ws/install/person_follower/lib/python3.10/site-packages'
[2.850s] Level 1:colcon.colcon_core.shell:create_environment_hook('person_follower', 'pythonpath')
[2.850s] INFO:colcon.colcon_core.shell:Creating environment hook '/home/orinnano/turtlebot3-person-follower/ros2_ws/install/person_follower/share/person_follower/hook/pythonpath.ps1'
[2.851s] INFO:colcon.colcon_core.shell:Creating environment descriptor '/home/orinnano/turtlebot3-person-follower/ros2_ws/install/person_follower/share/person_follower/hook/pythonpath.dsv'
[2.852s] INFO:colcon.colcon_core.shell:Creating environment hook '/home/orinnano/turtlebot3-person-follower/ros2_ws/install/person_follower/share/person_follower/hook/pythonpath.sh'
[2.854s] Level 1:colcon.colcon_core.environment:checking '/home/orinnano/turtlebot3-person-follower/ros2_ws/install/person_follower/bin'
[2.855s] Level 1:colcon.colcon_core.environment:create_environment_scripts_only(person_follower)
[2.856s] INFO:colcon.colcon_core.shell:Creating package script '/home/orinnano/turtlebot3-person-follower/ros2_ws/install/person_follower/share/person_follower/package.ps1'
[2.859s] INFO:colcon.colcon_core.shell:Creating package descriptor '/home/orinnano/turtlebot3-person-follower/ros2_ws/install/person_follower/share/person_follower/package.dsv'
[2.861s] INFO:colcon.colcon_core.shell:Creating package script '/home/orinnano/turtlebot3-person-follower/ros2_ws/install/person_follower/share/person_follower/package.sh'
[2.863s] INFO:colcon.colcon_core.shell:Creating package script '/home/orinnano/turtlebot3-person-follower/ros2_ws/install/person_follower/share/person_follower/package.bash'
[2.866s] INFO:colcon.colcon_core.shell:Creating package script '/home/orinnano/turtlebot3-person-follower/ros2_ws/install/person_follower/share/person_follower/package.zsh'
[2.868s] Level 1:colcon.colcon_core.environment:create_file_with_runtime_dependencies(/home/orinnano/turtlebot3-person-follower/ros2_ws/install/person_follower/share/colcon-core/packages/person_follower)
[2.870s] DEBUG:colcon.colcon_parallel_executor.executor.parallel:closing loop
[2.871s] DEBUG:colcon.colcon_parallel_executor.executor.parallel:loop closed
[2.871s] DEBUG:colcon.colcon_parallel_executor.executor.parallel:run_until_complete finished with '0'
[2.872s] DEBUG:colcon.colcon_core.event_reactor:joining thread
[2.894s] INFO:colcon.colcon_core.plugin_system:Skipping extension 'colcon_notification.desktop_notification.terminal_notifier': Not used on non-Darwin systems
[2.894s] INFO:colcon.colcon_core.plugin_system:Skipping extension 'colcon_notification.desktop_notification.win32': Not used on non-Windows systems
[2.895s] INFO:colcon.colcon_notification.desktop_notification:Sending desktop notification using 'notify2'
[2.936s] DEBUG:colcon.colcon_core.event_reactor:joined thread
[2.938s] INFO:colcon.colcon_core.shell:Creating prefix script '/home/orinnano/turtlebot3-person-follower/ros2_ws/install/local_setup.ps1'
[2.942s] INFO:colcon.colcon_core.shell:Creating prefix util module '/home/orinnano/turtlebot3-person-follower/ros2_ws/install/_local_setup_util_ps1.py'
[2.947s] INFO:colcon.colcon_core.shell:Creating prefix chain script '/home/orinnano/turtlebot3-person-follower/ros2_ws/install/setup.ps1'
[2.949s] INFO:colcon.colcon_core.shell:Creating prefix script '/home/orinnano/turtlebot3-person-follower/ros2_ws/install/local_setup.sh'
[2.951s] INFO:colcon.colcon_core.shell:Creating prefix util module '/home/orinnano/turtlebot3-person-follower/ros2_ws/install/_local_setup_util_sh.py'
[2.952s] INFO:colcon.colcon_core.shell:Creating prefix chain script '/home/orinnano/turtlebot3-person-follower/ros2_ws/install/setup.sh'
[2.954s] INFO:colcon.colcon_core.shell:Creating prefix script '/home/orinnano/turtlebot3-person-follower/ros2_ws/install/local_setup.bash'
[2.956s] INFO:colcon.colcon_core.shell:Creating prefix chain script '/home/orinnano/turtlebot3-person-follower/ros2_ws/install/setup.bash'
[2.959s] INFO:colcon.colcon_core.shell:Creating prefix script '/home/orinnano/turtlebot3-person-follower/ros2_ws/install/local_setup.zsh'
[2.960s] INFO:colcon.colcon_core.shell:Creating prefix chain script '/home/orinnano/turtlebot3-person-follower/ros2_ws/install/setup.zsh'
