[0.219s] DEBUG:colcon:Command line arguments: ['/usr/bin/colcon', 'build']
[0.219s] DEBUG:colcon:Parsed command line arguments: Namespace(log_base=None, log_level=None, verb_name='build', build_base='build', install_base='install', merge_install=False, symlink_install=False, test_result_base=None, continue_on_error=False, executor='parallel', parallel_workers=6, event_handlers=None, ignore_user_meta=False, metas=['./colcon.meta'], base_paths=['.'], packages_ignore=None, packages_ignore_regex=None, paths=None, packages_up_to=None, packages_up_to_regex=None, packages_above=None, packages_above_and_dependencies=None, packages_above_depth=None, packages_select_by_dep=None, packages_skip_by_dep=None, packages_skip_up_to=None, packages_select_build_failed=False, packages_skip_build_finished=False, packages_select_test_failures=False, packages_skip_test_passed=False, packages_select=None, packages_skip=None, packages_select_regex=None, packages_skip_regex=None, packages_start=None, packages_end=None, allow_overriding=[], cmake_args=None, cmake_target=None, cmake_target_skip_unavailable=False, cmake_clean_cache=False, cmake_clean_first=False, cmake_force_configure=False, ament_cmake_args=None, catkin_cmake_args=None, catkin_skip_building_tests=False, verb_parser=<colcon_defaults.argument_parser.defaults.DefaultArgumentsDecorator object at 0xffffa7f89210>, verb_extension=<colcon_core.verb.build.BuildVerb object at 0xffffa8165e10>, main=<bound method BuildVerb.main of <colcon_core.verb.build.BuildVerb object at 0xffffa8165e10>>)
[0.580s] Level 1:colcon.colcon_core.package_discovery:discover_packages(colcon_meta) check parameters
[0.581s] Level 1:colcon.colcon_core.package_discovery:discover_packages(recursive) check parameters
[0.581s] Level 1:colcon.colcon_core.package_discovery:discover_packages(ignore) check parameters
[0.581s] Level 1:colcon.colcon_core.package_discovery:discover_packages(path) check parameters
[0.581s] Level 1:colcon.colcon_core.package_discovery:discover_packages(colcon_meta) discover
[0.581s] Level 1:colcon.colcon_core.package_discovery:discover_packages(recursive) discover
[0.581s] INFO:colcon.colcon_core.package_discovery:Crawling recursively for packages in '/home/orinnano/turtlebot3-person-follower/ros2_ws'
[0.581s] Level 1:colcon.colcon_core.package_identification:_identify(.) by extensions ['ignore', 'ignore_ament_install']
[0.582s] Level 1:colcon.colcon_core.package_identification:_identify(.) by extension 'ignore'
[0.582s] Level 1:colcon.colcon_core.package_identification:_identify(.) by extension 'ignore_ament_install'
[0.582s] Level 1:colcon.colcon_core.package_identification:_identify(.) by extensions ['colcon_pkg']
[0.582s] Level 1:colcon.colcon_core.package_identification:_identify(.) by extension 'colcon_pkg'
[0.582s] Level 1:colcon.colcon_core.package_identification:_identify(.) by extensions ['colcon_meta']
[0.582s] Level 1:colcon.colcon_core.package_identification:_identify(.) by extension 'colcon_meta'
[0.582s] Level 1:colcon.colcon_core.package_identification:_identify(.) by extensions ['ros']
[0.582s] Level 1:colcon.colcon_core.package_identification:_identify(.) by extension 'ros'
[0.605s] Level 1:colcon.colcon_core.package_identification:_identify(.) by extensions ['cmake', 'python']
[0.606s] Level 1:colcon.colcon_core.package_identification:_identify(.) by extension 'cmake'
[0.606s] Level 1:colcon.colcon_core.package_identification:_identify(.) by extension 'python'
[0.606s] Level 1:colcon.colcon_core.package_identification:_identify(.) by extensions ['python_setup_py']
[0.606s] Level 1:colcon.colcon_core.package_identification:_identify(.) by extension 'python_setup_py'
[0.606s] Level 1:colcon.colcon_core.package_identification:_identify(build) by extensions ['ignore', 'ignore_ament_install']
[0.606s] Level 1:colcon.colcon_core.package_identification:_identify(build) by extension 'ignore'
[0.607s] Level 1:colcon.colcon_core.package_identification:_identify(build) ignored
[0.607s] Level 1:colcon.colcon_core.package_identification:_identify(install) by extensions ['ignore', 'ignore_ament_install']
[0.607s] Level 1:colcon.colcon_core.package_identification:_identify(install) by extension 'ignore'
[0.607s] Level 1:colcon.colcon_core.package_identification:_identify(install) ignored
[0.607s] Level 1:colcon.colcon_core.package_identification:_identify(log) by extensions ['ignore', 'ignore_ament_install']
[0.608s] Level 1:colcon.colcon_core.package_identification:_identify(log) by extension 'ignore'
[0.608s] Level 1:colcon.colcon_core.package_identification:_identify(log) ignored
[0.608s] Level 1:colcon.colcon_core.package_identification:_identify(src) by extensions ['ignore', 'ignore_ament_install']
[0.608s] Level 1:colcon.colcon_core.package_identification:_identify(src) by extension 'ignore'
[0.608s] Level 1:colcon.colcon_core.package_identification:_identify(src) by extension 'ignore_ament_install'
[0.608s] Level 1:colcon.colcon_core.package_identification:_identify(src) by extensions ['colcon_pkg']
[0.608s] Level 1:colcon.colcon_core.package_identification:_identify(src) by extension 'colcon_pkg'
[0.608s] Level 1:colcon.colcon_core.package_identification:_identify(src) by extensions ['colcon_meta']
[0.608s] Level 1:colcon.colcon_core.package_identification:_identify(src) by extension 'colcon_meta'
[0.609s] Level 1:colcon.colcon_core.package_identification:_identify(src) by extensions ['ros']
[0.609s] Level 1:colcon.colcon_core.package_identification:_identify(src) by extension 'ros'
[0.609s] Level 1:colcon.colcon_core.package_identification:_identify(src) by extensions ['cmake', 'python']
[0.609s] Level 1:colcon.colcon_core.package_identification:_identify(src) by extension 'cmake'
[0.609s] Level 1:colcon.colcon_core.package_identification:_identify(src) by extension 'python'
[0.609s] Level 1:colcon.colcon_core.package_identification:_identify(src) by extensions ['python_setup_py']
[0.609s] Level 1:colcon.colcon_core.package_identification:_identify(src) by extension 'python_setup_py'
[0.609s] Level 1:colcon.colcon_core.package_identification:_identify(src/person_follower) by extensions ['ignore', 'ignore_ament_install']
[0.609s] Level 1:colcon.colcon_core.package_identification:_identify(src/person_follower) by extension 'ignore'
[0.610s] Level 1:colcon.colcon_core.package_identification:_identify(src/person_follower) by extension 'ignore_ament_install'
[0.610s] Level 1:colcon.colcon_core.package_identification:_identify(src/person_follower) by extensions ['colcon_pkg']
[0.610s] Level 1:colcon.colcon_core.package_identification:_identify(src/person_follower) by extension 'colcon_pkg'
[0.610s] Level 1:colcon.colcon_core.package_identification:_identify(src/person_follower) by extensions ['colcon_meta']
[0.610s] Level 1:colcon.colcon_core.package_identification:_identify(src/person_follower) by extension 'colcon_meta'
[0.610s] Level 1:colcon.colcon_core.package_identification:_identify(src/person_follower) by extensions ['ros']
[0.610s] Level 1:colcon.colcon_core.package_identification:_identify(src/person_follower) by extension 'ros'
[0.622s] DEBUG:colcon.colcon_core.package_identification:Package 'src/person_follower' with type 'ros.ament_python' and name 'person_follower'
[0.622s] Level 1:colcon.colcon_core.package_discovery:discover_packages(recursive) using defaults
[0.622s] Level 1:colcon.colcon_core.package_discovery:discover_packages(ignore) discover
[0.622s] Level 1:colcon.colcon_core.package_discovery:discover_packages(ignore) using defaults
[0.622s] Level 1:colcon.colcon_core.package_discovery:discover_packages(path) discover
[0.622s] Level 1:colcon.colcon_core.package_discovery:discover_packages(path) using defaults
[0.661s] Level 1:colcon.colcon_core.package_discovery:discover_packages(prefix_path) check parameters
[0.661s] Level 1:colcon.colcon_core.package_discovery:discover_packages(prefix_path) discover
[0.665s] DEBUG:colcon.colcon_installed_package_information.package_discovery:Found 0 installed packages in /home/orinnano/turtlebot3-person-follower/ros2_ws/install
[0.668s] DEBUG:colcon.colcon_installed_package_information.package_discovery:Found 358 installed packages in /opt/ros/humble
[0.700s] Level 1:colcon.colcon_core.package_discovery:discover_packages(prefix_path) using defaults
[0.795s] Level 5:colcon.colcon_core.verb:set package 'person_follower' build argument 'cmake_args' from command line to 'None'
[0.795s] Level 5:colcon.colcon_core.verb:set package 'person_follower' build argument 'cmake_target' from command line to 'None'
[0.795s] Level 5:colcon.colcon_core.verb:set package 'person_follower' build argument 'cmake_target_skip_unavailable' from command line to 'False'
[0.795s] Level 5:colcon.colcon_core.verb:set package 'person_follower' build argument 'cmake_clean_cache' from command line to 'False'
[0.795s] Level 5:colcon.colcon_core.verb:set package 'person_follower' build argument 'cmake_clean_first' from command line to 'False'
[0.795s] Level 5:colcon.colcon_core.verb:set package 'person_follower' build argument 'cmake_force_configure' from command line to 'False'
[0.795s] Level 5:colcon.colcon_core.verb:set package 'person_follower' build argument 'ament_cmake_args' from command line to 'None'
[0.795s] Level 5:colcon.colcon_core.verb:set package 'person_follower' build argument 'catkin_cmake_args' from command line to 'None'
[0.795s] Level 5:colcon.colcon_core.verb:set package 'person_follower' build argument 'catkin_skip_building_tests' from command line to 'False'
[0.795s] DEBUG:colcon.colcon_core.verb:Building package 'person_follower' with the following arguments: {'ament_cmake_args': None, 'build_base': '/home/orinnano/turtlebot3-person-follower/ros2_ws/build/person_follower', 'catkin_cmake_args': None, 'catkin_skip_building_tests': False, 'cmake_args': None, 'cmake_clean_cache': False, 'cmake_clean_first': False, 'cmake_force_configure': False, 'cmake_target': None, 'cmake_target_skip_unavailable': False, 'install_base': '/home/orinnano/turtlebot3-person-follower/ros2_ws/install/person_follower', 'merge_install': False, 'path': '/home/orinnano/turtlebot3-person-follower/ros2_ws/src/person_follower', 'symlink_install': False, 'test_result_base': None}
[0.796s] INFO:colcon.colcon_core.executor:Executing jobs using 'parallel' executor
[0.798s] DEBUG:colcon.colcon_parallel_executor.executor.parallel:run_until_complete
[0.798s] INFO:colcon.colcon_ros.task.ament_python.build:Building ROS package in '/home/orinnano/turtlebot3-person-follower/ros2_ws/src/person_follower' with build type 'ament_python'
[0.799s] Level 1:colcon.colcon_core.shell:create_environment_hook('person_follower', 'ament_prefix_path')
[0.802s] INFO:colcon.colcon_core.plugin_system:Skipping extension 'colcon_core.shell.bat': Not used on non-Windows systems
[0.803s] INFO:colcon.colcon_core.shell:Creating environment hook '/home/orinnano/turtlebot3-person-follower/ros2_ws/install/person_follower/share/person_follower/hook/ament_prefix_path.ps1'
[0.804s] INFO:colcon.colcon_core.shell:Creating environment descriptor '/home/orinnano/turtlebot3-person-follower/ros2_ws/install/person_follower/share/person_follower/hook/ament_prefix_path.dsv'
[0.805s] INFO:colcon.colcon_core.shell:Creating environment hook '/home/orinnano/turtlebot3-person-follower/ros2_ws/install/person_follower/share/person_follower/hook/ament_prefix_path.sh'
[0.807s] INFO:colcon.colcon_core.shell:Skip shell extension 'powershell' for command environment: Not usable outside of PowerShell
[0.807s] DEBUG:colcon.colcon_core.shell:Skip shell extension 'dsv' for command environment
[1.367s] INFO:colcon.colcon_core.task.python.build:Building Python package in '/home/orinnano/turtlebot3-person-follower/ros2_ws/src/person_follower'
[1.368s] INFO:colcon.colcon_core.shell:Skip shell extension 'powershell' for command environment: Not usable outside of PowerShell
[1.368s] DEBUG:colcon.colcon_core.shell:Skip shell extension 'dsv' for command environment
[2.308s] DEBUG:colcon.colcon_core.event_handler.log_command:Invoking command in '/home/orinnano/turtlebot3-person-follower/ros2_ws/src/person_follower': PYTHONPATH=/home/orinnano/turtlebot3-person-follower/ros2_ws/build/person_follower/prefix_override:/usr/lib/python3/dist-packages/colcon_core/task/python/colcon_distutils_commands:/home/orinnano/turtlebot3-person-follower/ros2_ws/install/person_follower/lib/python3.10/site-packages:${PYTHONPATH} /usr/bin/python3 -W ignore:setup.py install is deprecated setup.py egg_info --egg-base ../../build/person_follower build --build-base /home/orinnano/turtlebot3-person-follower/ros2_ws/build/person_follower/build install --record /home/orinnano/turtlebot3-person-follower/ros2_ws/build/person_follower/install.log --single-version-externally-managed install_data
[2.989s] DEBUG:colcon.colcon_core.event_handler.log_command:Invoked command in '/home/orinnano/turtlebot3-person-follower/ros2_ws/src/person_follower' returned '0': PYTHONPATH=/home/orinnano/turtlebot3-person-follower/ros2_ws/build/person_follower/prefix_override:/usr/lib/python3/dist-packages/colcon_core/task/python/colcon_distutils_commands:/home/orinnano/turtlebot3-person-follower/ros2_ws/install/person_follower/lib/python3.10/site-packages:${PYTHONPATH} /usr/bin/python3 -W ignore:setup.py install is deprecated setup.py egg_info --egg-base ../../build/person_follower build --build-base /home/orinnano/turtlebot3-person-follower/ros2_ws/build/person_follower/build install --record /home/orinnano/turtlebot3-person-follower/ros2_ws/build/person_follower/install.log --single-version-externally-managed install_data
[3.004s] Level 1:colcon.colcon_core.environment:checking '/home/orinnano/turtlebot3-person-follower/ros2_ws/install/person_follower' for CMake module files
[3.005s] Level 1:colcon.colcon_core.environment:checking '/home/orinnano/turtlebot3-person-follower/ros2_ws/install/person_follower' for CMake config files
[3.008s] Level 1:colcon.colcon_core.environment:checking '/home/orinnano/turtlebot3-person-follower/ros2_ws/install/person_follower/lib'
[3.009s] Level 1:colcon.colcon_core.environment:checking '/home/orinnano/turtlebot3-person-follower/ros2_ws/install/person_follower/bin'
[3.009s] Level 1:colcon.colcon_core.environment:checking '/home/orinnano/turtlebot3-person-follower/ros2_ws/install/person_follower/lib/pkgconfig/person_follower.pc'
[3.010s] Level 1:colcon.colcon_core.environment:checking '/home/orinnano/turtlebot3-person-follower/ros2_ws/install/person_follower/lib/python3.10/site-packages'
[3.010s] Level 1:colcon.colcon_core.shell:create_environment_hook('person_follower', 'pythonpath')
[3.011s] INFO:colcon.colcon_core.shell:Creating environment hook '/home/orinnano/turtlebot3-person-follower/ros2_ws/install/person_follower/share/person_follower/hook/pythonpath.ps1'
[3.014s] INFO:colcon.colcon_core.shell:Creating environment descriptor '/home/orinnano/turtlebot3-person-follower/ros2_ws/install/person_follower/share/person_follower/hook/pythonpath.dsv'
[3.015s] INFO:colcon.colcon_core.shell:Creating environment hook '/home/orinnano/turtlebot3-person-follower/ros2_ws/install/person_follower/share/person_follower/hook/pythonpath.sh'
[3.017s] Level 1:colcon.colcon_core.environment:checking '/home/orinnano/turtlebot3-person-follower/ros2_ws/install/person_follower/bin'
[3.017s] Level 1:colcon.colcon_core.environment:create_environment_scripts_only(person_follower)
[3.018s] INFO:colcon.colcon_core.shell:Creating package script '/home/orinnano/turtlebot3-person-follower/ros2_ws/install/person_follower/share/person_follower/package.ps1'
[3.021s] INFO:colcon.colcon_core.shell:Creating package descriptor '/home/orinnano/turtlebot3-person-follower/ros2_ws/install/person_follower/share/person_follower/package.dsv'
[3.023s] INFO:colcon.colcon_core.shell:Creating package script '/home/orinnano/turtlebot3-person-follower/ros2_ws/install/person_follower/share/person_follower/package.sh'
[3.026s] INFO:colcon.colcon_core.shell:Creating package script '/home/orinnano/turtlebot3-person-follower/ros2_ws/install/person_follower/share/person_follower/package.bash'
[3.028s] INFO:colcon.colcon_core.shell:Creating package script '/home/orinnano/turtlebot3-person-follower/ros2_ws/install/person_follower/share/person_follower/package.zsh'
[3.030s] Level 1:colcon.colcon_core.environment:create_file_with_runtime_dependencies(/home/orinnano/turtlebot3-person-follower/ros2_ws/install/person_follower/share/colcon-core/packages/person_follower)
[3.033s] DEBUG:colcon.colcon_parallel_executor.executor.parallel:closing loop
[3.034s] DEBUG:colcon.colcon_parallel_executor.executor.parallel:loop closed
[3.034s] DEBUG:colcon.colcon_parallel_executor.executor.parallel:run_until_complete finished with '0'
[3.034s] DEBUG:colcon.colcon_core.event_reactor:joining thread
[3.055s] INFO:colcon.colcon_core.plugin_system:Skipping extension 'colcon_notification.desktop_notification.terminal_notifier': Not used on non-Darwin systems
[3.056s] INFO:colcon.colcon_core.plugin_system:Skipping extension 'colcon_notification.desktop_notification.win32': Not used on non-Windows systems
[3.056s] INFO:colcon.colcon_notification.desktop_notification:Sending desktop notification using 'notify2'
[3.101s] DEBUG:colcon.colcon_core.event_reactor:joined thread
[3.103s] INFO:colcon.colcon_core.shell:Creating prefix script '/home/orinnano/turtlebot3-person-follower/ros2_ws/install/local_setup.ps1'
[3.107s] INFO:colcon.colcon_core.shell:Creating prefix util module '/home/orinnano/turtlebot3-person-follower/ros2_ws/install/_local_setup_util_ps1.py'
[3.112s] INFO:colcon.colcon_core.shell:Creating prefix chain script '/home/orinnano/turtlebot3-person-follower/ros2_ws/install/setup.ps1'
[3.114s] INFO:colcon.colcon_core.shell:Creating prefix script '/home/orinnano/turtlebot3-person-follower/ros2_ws/install/local_setup.sh'
[3.116s] INFO:colcon.colcon_core.shell:Creating prefix util module '/home/orinnano/turtlebot3-person-follower/ros2_ws/install/_local_setup_util_sh.py'
[3.117s] INFO:colcon.colcon_core.shell:Creating prefix chain script '/home/orinnano/turtlebot3-person-follower/ros2_ws/install/setup.sh'
[3.118s] INFO:colcon.colcon_core.shell:Creating prefix script '/home/orinnano/turtlebot3-person-follower/ros2_ws/install/local_setup.bash'
[3.120s] INFO:colcon.colcon_core.shell:Creating prefix chain script '/home/orinnano/turtlebot3-person-follower/ros2_ws/install/setup.bash'
[3.123s] INFO:colcon.colcon_core.shell:Creating prefix script '/home/orinnano/turtlebot3-person-follower/ros2_ws/install/local_setup.zsh'
[3.124s] INFO:colcon.colcon_core.shell:Creating prefix chain script '/home/orinnano/turtlebot3-person-follower/ros2_ws/install/setup.zsh'
