[1.420s] Invoking command in '/home/orinnano/turtlebot3-person-follower/ros2_ws/src/person_follower': PYTHONPATH=/home/orinnano/turtlebot3-person-follower/ros2_ws/build/person_follower/prefix_override:/usr/lib/python3/dist-packages/colcon_core/task/python/colcon_distutils_commands:/home/orinnano/turtlebot3-person-follower/ros2_ws/install/person_follower/lib/python3.10/site-packages:${PYTHONPATH} /usr/bin/python3 -W ignore:setup.py install is deprecated setup.py egg_info --egg-base ../../build/person_follower build --build-base /home/orinnano/turtlebot3-person-follower/ros2_ws/build/person_follower/build install --record /home/orinnano/turtlebot3-person-follower/ros2_ws/build/person_follower/install.log --single-version-externally-managed install_data
[1.933s] running egg_info
[1.934s] writing ../../build/person_follower/person_follower.egg-info/PKG-INFO
[1.935s] writing dependency_links to ../../build/person_follower/person_follower.egg-info/dependency_links.txt
[1.935s] writing entry points to ../../build/person_follower/person_follower.egg-info/entry_points.txt
[1.935s] writing requirements to ../../build/person_follower/person_follower.egg-info/requires.txt
[1.936s] writing top-level names to ../../build/person_follower/person_follower.egg-info/top_level.txt
[1.940s] reading manifest file '../../build/person_follower/person_follower.egg-info/SOURCES.txt'
[1.941s] adding license file 'LICENSE'
[1.942s] writing manifest file '../../build/person_follower/person_follower.egg-info/SOURCES.txt'
[1.942s] running build
[1.943s] running build_py
[1.943s] copying src/person_follower.py -> /home/orinnano/turtlebot3-person-follower/ros2_ws/build/person_follower/build/lib/src
[1.944s] running install
[1.945s] running install_lib
[1.946s] copying /home/orinnano/turtlebot3-person-follower/ros2_ws/build/person_follower/build/lib/src/person_follower.py -> /home/orinnano/turtlebot3-person-follower/ros2_ws/install/person_follower/lib/python3.10/site-packages/src
[1.947s] byte-compiling /home/orinnano/turtlebot3-person-follower/ros2_ws/install/person_follower/lib/python3.10/site-packages/src/person_follower.py to person_follower.cpython-310.pyc
[1.949s] running install_data
[1.950s] running install_egg_info
[1.953s] removing '/home/orinnano/turtlebot3-person-follower/ros2_ws/install/person_follower/lib/python3.10/site-packages/person_follower-0.0.0-py3.10.egg-info' (and everything under it)
[1.954s] Copying ../../build/person_follower/person_follower.egg-info to /home/orinnano/turtlebot3-person-follower/ros2_ws/install/person_follower/lib/python3.10/site-packages/person_follower-0.0.0-py3.10.egg-info
[1.956s] running install_scripts
[1.998s] Installing import_image script to /home/orinnano/turtlebot3-person-follower/ros2_ws/install/person_follower/lib/person_follower
[1.998s] Installing person_follower script to /home/orinnano/turtlebot3-person-follower/ros2_ws/install/person_follower/lib/person_follower
[1.999s] writing list of installed files to '/home/orinnano/turtlebot3-person-follower/ros2_ws/build/person_follower/install.log'
[2.065s] Invoked command in '/home/orinnano/turtlebot3-person-follower/ros2_ws/src/person_follower' returned '0': PYTHONPATH=/home/orinnano/turtlebot3-person-follower/ros2_ws/build/person_follower/prefix_override:/usr/lib/python3/dist-packages/colcon_core/task/python/colcon_distutils_commands:/home/orinnano/turtlebot3-person-follower/ros2_ws/install/person_follower/lib/python3.10/site-packages:${PYTHONPATH} /usr/bin/python3 -W ignore:setup.py install is deprecated setup.py egg_info --egg-base ../../build/person_follower build --build-base /home/orinnano/turtlebot3-person-follower/ros2_ws/build/person_follower/build install --record /home/orinnano/turtlebot3-person-follower/ros2_ws/build/person_follower/install.log --single-version-externally-managed install_data
